org.commcare.private/build/outputs/logs/manifest-merger-debug-report.txt
-- Merging decision tree log ---
manifest
ADDED from src/main/AndroidManifest.xml:2:1-18:12
	package
		ADDED from src/main/AndroidManifest.xml:3:5-35
		INJECTED from src/main/AndroidManifest.xml
		INJECTED from src/main/AndroidManifest.xml
	android:versionName
		INJECTED from src/main/AndroidManifest.xml
		INJECTED from src/main/AndroidManifest.xml
	xmlns:android
		ADDED from src/main/AndroidManifest.xml:2:11-69
	android:versionCode
		INJECTED from src/main/AndroidManifest.xml
		INJECTED from src/main/AndroidManifest.xml
uses-sdk
ADDED from src/main/AndroidManifest.xml:4:5-43
MERGED from [com.android.support:appcompat-v7:23.1.0] AndroidManifest.xml:20:5-43
MERGED from [com.android.support:support-v4:23.1.0] AndroidManifest.xml:20:5-43
	android:targetSdkVersion
		INJECTED from src/main/AndroidManifest.xml
		INJECTED from src/main/AndroidManifest.xml
	android:minSdkVersion
		ADDED from src/main/AndroidManifest.xml:4:15-40
		INJECTED from src/main/AndroidManifest.xml
		INJECTED from src/main/AndroidManifest.xml
uses-permission#android.permission.VIBRATE
ADDED from src/main/AndroidManifest.xml:5:5-66
	android:name
		ADDED from src/main/AndroidManifest.xml:5:22-63
application
ADDED from src/main/AndroidManifest.xml:6:5-17:19
MERGED from [com.android.support:appcompat-v7:23.1.0] AndroidManifest.xml:22:5-20
MERGED from [com.android.support:support-v4:23.1.0] AndroidManifest.xml:22:5-20
	android:label
		ADDED from src/main/AndroidManifest.xml:6:18-50
	android:icon
		ADDED from src/main/AndroidManifest.xml:6:51-81
activity#org.commcare.private.BreathCounterActivity
ADDED from src/main/AndroidManifest.xml:7:9-16:20
	android:screenOrientation
		ADDED from src/main/AndroidManifest.xml:7:110-146
	android:label
		ADDED from src/main/AndroidManifest.xml:7:19-51
	android:name
		ADDED from src/main/AndroidManifest.xml:7:52-109
intent-filter#android.intent.action.MAIN+android.intent.category.LAUNCHER
ADDED from src/main/AndroidManifest.xml:8:13-11:29
action#android.intent.action.MAIN
ADDED from src/main/AndroidManifest.xml:9:17-69
	android:name
		ADDED from src/main/AndroidManifest.xml:9:25-66
category#android.intent.category.LAUNCHER
ADDED from src/main/AndroidManifest.xml:10:17-77
	android:name
		ADDED from src/main/AndroidManifest.xml:10:27-74
intent-filter#android.intent.category.DEFAULT+org.commcare.private.BREATHCOUNT
ADDED from src/main/AndroidManifest.xml:12:13-15:29
action#org.commcare.private.BREATHCOUNT
ADDED from src/main/AndroidManifest.xml:13:17-75
	android:name
		ADDED from src/main/AndroidManifest.xml:13:25-72
category#android.intent.category.DEFAULT
ADDED from src/main/AndroidManifest.xml:14:17-76
	android:name
		ADDED from src/main/AndroidManifest.xml:14:27-73